2025-12-05T07:28:10.295Z system HTTP_GET /api/admin/me#401
2025-12-05T07:28:10.300Z system HTTP_GET /api/admin/me#401
2025-12-05T07:28:20.201Z system HTTP_GET /api/admin/users#401
2025-12-05T07:28:20.203Z system HTTP_GET /api/admin/professionals#401
2025-12-05T07:28:20.205Z system HTTP_GET /api/admin/pending-users#401
2025-12-05T07:28:20.206Z system HTTP_GET /api/admin/users#401
2025-12-05T07:28:20.208Z system HTTP_GET /api/admin/professionals#401
2025-12-05T07:28:20.209Z system HTTP_GET /api/admin/pending-users#401
2025-12-05T07:28:21.742Z system HTTP_GET /api/admin/me#401
2025-12-05T07:28:21.745Z system HTTP_GET /api/admin/me#401
2025-12-05T07:28:47.054Z system HTTP_POST /api/auth/login#200
2025-12-05T07:28:47.091Z medical#5@drdemo HTTP_GET /api/medical/dashboard#200
2025-12-05T07:28:47.092Z medical#5@drdemo HTTP_GET /api/medical/me#200
2025-12-05T07:28:47.094Z medical#5@drdemo HTTP_GET /api/medical/dashboard#304
2025-12-05T07:28:48.690Z medical#5@drdemo HTTP_GET /api/medical/patients#200
2025-12-05T07:28:48.692Z medical#5@drdemo HTTP_GET /api/medical/patients#304
2025-12-05T07:28:51.403Z medical#5@drdemo PATIENT_PROFILE_VIEW patient/23,patientMu/MI9592400667
2025-12-05T07:28:51.404Z medical#5@drdemo HTTP_GET /api/medical/patients/23/profile#200
2025-12-05T07:28:54.941Z medical#5@drdemo PATIENT_PROFILE_VIEW patient/19,patientMu/MI9185380645
2025-12-05T07:28:54.942Z medical#5@drdemo HTTP_GET /api/medical/patients/19/profile#200
2025-12-05T07:28:56.426Z medical#5@drdemo PATIENT_PROFILE_VIEW patient/19,patientMu/MI9185380645
2025-12-05T07:28:56.427Z medical#5@drdemo HTTP_GET /api/medical/patients/19/profile#304
2025-12-05T07:28:56.430Z medical#5@drdemo PATIENT_PROFILE_VIEW patient/19,patientMu/MI9185380645
2025-12-05T07:28:56.431Z medical#5@drdemo HTTP_GET /api/medical/patients/19/profile#304
2025-12-05T07:28:56.434Z medical#5@drdemo HTTP_GET /api/medical/me#304
2025-12-05T07:28:56.436Z medical#5@drdemo HTTP_GET /api/medical/me#304
2025-12-05T07:28:56.487Z medical#5@drdemo PATIENT_RECORDS_VIEW patient/19,patientMu/MI9185380645,recordCount/5
2025-12-05T07:28:56.488Z medical#5@drdemo HTTP_GET /api/medical/patients/19/records#200
2025-12-05T07:29:05.358Z medical#5@drdemo HTTP_GET /api/medical/access/requests#200
2025-12-05T07:29:05.361Z medical#5@drdemo HTTP_GET /api/medical/access/requests#304
2025-12-05T07:29:06.604Z medical#5@drdemo HTTP_GET /api/medical/patients#304
2025-12-05T07:29:06.607Z medical#5@drdemo HTTP_GET /api/medical/patients#304
2025-12-05T07:29:07.668Z medical#5@drdemo HTTP_GET /api/medical/dashboard#304
2025-12-05T07:29:07.670Z medical#5@drdemo HTTP_GET /api/medical/dashboard#304
2025-12-05T07:29:36.767Z system HTTP_POST /api/auth/login#200
2025-12-05T07:29:36.792Z admin#1@admin1 HTTP_GET /api/admin/users#200
2025-12-05T07:29:36.798Z admin#1@admin1 HTTP_GET /api/admin/professionals#200
2025-12-05T07:29:36.799Z admin#1@admin1 HTTP_GET /api/admin/me#200
2025-12-05T07:29:36.802Z admin#1@admin1 HTTP_GET /api/admin/users#304
2025-12-05T07:29:36.806Z admin#1@admin1 HTTP_GET /api/admin/professionals#304
2025-12-05T07:29:36.811Z admin#1@admin1 HTTP_GET /api/admin/stats#200
2025-12-05T07:29:36.813Z admin#1@admin1 HTTP_GET /api/admin/stats#304
2025-12-05T07:29:38.548Z admin#1@admin1 HTTP_GET /api/admin/users#304
2025-12-05T07:29:38.549Z admin#1@admin1 HTTP_GET /api/admin/pending-users#200
2025-12-05T07:29:38.549Z admin#1@admin1 HTTP_GET /api/admin/professionals#304
2025-12-05T07:29:38.552Z admin#1@admin1 HTTP_GET /api/admin/users#304
2025-12-05T07:29:38.554Z admin#1@admin1 HTTP_GET /api/admin/professionals#304
2025-12-05T07:29:38.554Z admin#1@admin1 HTTP_GET /api/admin/pending-users#304
2025-12-05T07:29:52.853Z admin#1@admin1 HTTP_GET /api/admin/users#304
2025-12-05T07:29:52.855Z admin#1@admin1 HTTP_GET /api/admin/users#304
2025-12-05T07:29:52.860Z admin#1@admin1 HTTP_GET /api/admin/pending-professionals#200
2025-12-05T07:29:52.860Z admin#1@admin1 HTTP_GET /api/admin/professionals#304
2025-12-05T07:29:52.863Z admin#1@admin1 HTTP_GET /api/admin/pending-professionals#304
2025-12-05T07:29:52.863Z admin#1@admin1 HTTP_GET /api/admin/professionals#304
2025-12-05T07:29:54.564Z admin#1@admin1 HTTP_GET /api/admin/users#304
2025-12-05T07:29:54.564Z admin#1@admin1 HTTP_GET /api/admin/professionals#304
2025-12-05T07:29:54.566Z admin#1@admin1 HTTP_GET /api/admin/pending-users#304
2025-12-05T07:29:54.570Z admin#1@admin1 HTTP_GET /api/admin/users#304
2025-12-05T07:29:54.571Z admin#1@admin1 HTTP_GET /api/admin/professionals#304
2025-12-05T07:29:54.572Z admin#1@admin1 HTTP_GET /api/admin/pending-users#304
2025-12-05T07:29:55.218Z admin#1@admin1 HTTP_GET /api/admin/users#304
2025-12-05T07:29:55.221Z admin#1@admin1 HTTP_GET /api/admin/professionals#304
2025-12-05T07:29:55.225Z admin#1@admin1 HTTP_GET /api/admin/professionals#304
2025-12-05T07:29:55.226Z admin#1@admin1 HTTP_GET /api/admin/users#304
2025-12-05T07:29:55.234Z admin#1@admin1 HTTP_GET /api/admin/stats#304
2025-12-05T07:29:55.237Z admin#1@admin1 HTTP_GET /api/admin/stats#304
2025-12-05T07:29:57.145Z admin#1@admin1 HTTP_GET /api/admin/users#304
2025-12-05T07:29:57.146Z admin#1@admin1 HTTP_GET /api/admin/professionals#304
2025-12-05T07:29:57.146Z admin#1@admin1 HTTP_GET /api/admin/pending-users#304
2025-12-05T07:29:57.150Z admin#1@admin1 HTTP_GET /api/admin/users#304
2025-12-05T07:29:57.151Z admin#1@admin1 HTTP_GET /api/admin/professionals#304
2025-12-05T07:29:57.151Z admin#1@admin1 HTTP_GET /api/admin/pending-users#304
2025-12-05T07:29:57.821Z admin#1@admin1 HTTP_GET /api/admin/users#304
2025-12-05T07:29:57.822Z admin#1@admin1 HTTP_GET /api/admin/pending-professionals#304
2025-12-05T07:29:57.822Z admin#1@admin1 HTTP_GET /api/admin/professionals#304
2025-12-05T07:29:57.825Z admin#1@admin1 HTTP_GET /api/admin/users#304
2025-12-05T07:29:57.826Z admin#1@admin1 HTTP_GET /api/admin/professionals#304
2025-12-05T07:29:57.828Z admin#1@admin1 HTTP_GET /api/admin/pending-professionals#304
2025-12-05T07:29:58.887Z admin#1@admin1 HTTP_GET /api/admin/logs#200
2025-12-05T07:29:58.889Z admin#1@admin1 HTTP_GET /api/admin/logs#200
2025-12-05T07:30:04.202Z admin#1@admin1 HTTP_GET /api/admin/logs/2025-12-05?limit=500#200
2025-12-05T07:30:49.728Z admin#1@admin1 HTTP_GET /api/admin/logs#200
2025-12-05T07:30:51.145Z admin#1@admin1 HTTP_GET /api/admin/professionals#304
2025-12-05T07:30:51.147Z admin#1@admin1 HTTP_GET /api/admin/pending-professionals#304
2025-12-05T07:30:51.147Z admin#1@admin1 HTTP_GET /api/admin/users#304
2025-12-05T07:30:51.150Z admin#1@admin1 HTTP_GET /api/admin/professionals#304
2025-12-05T07:30:51.151Z admin#1@admin1 HTTP_GET /api/admin/users#304
2025-12-05T07:30:51.152Z admin#1@admin1 HTTP_GET /api/admin/pending-professionals#304
2025-12-05T07:30:53.413Z admin#1@admin1 HTTP_GET /api/admin/users#304
2025-12-05T07:30:53.413Z admin#1@admin1 HTTP_GET /api/admin/professionals#304
2025-12-05T07:30:53.416Z admin#1@admin1 HTTP_GET /api/admin/pending-users#304
2025-12-05T07:30:53.417Z admin#1@admin1 HTTP_GET /api/admin/users#304
2025-12-05T07:30:53.418Z admin#1@admin1 HTTP_GET /api/admin/professionals#304
2025-12-05T07:30:53.420Z admin#1@admin1 HTTP_GET /api/admin/pending-users#304
2025-12-05T07:30:53.903Z admin#1@admin1 HTTP_GET /api/admin/users#304
2025-12-05T07:30:53.903Z admin#1@admin1 HTTP_GET /api/admin/professionals#304
2025-12-05T07:30:53.909Z admin#1@admin1 HTTP_GET /api/admin/users#304
2025-12-05T07:30:53.909Z admin#1@admin1 HTTP_GET /api/admin/professionals#304
2025-12-05T07:30:53.917Z admin#1@admin1 HTTP_GET /api/admin/stats#304
2025-12-05T07:30:53.920Z admin#1@admin1 HTTP_GET /api/admin/stats#304
2025-12-05T07:30:54.234Z admin#1@admin1 HTTP_GET /api/admin/users#304
2025-12-05T07:30:54.234Z admin#1@admin1 HTTP_GET /api/admin/professionals#304
2025-12-05T07:30:54.235Z admin#1@admin1 HTTP_GET /api/admin/pending-users#304
2025-12-05T07:30:54.239Z admin#1@admin1 HTTP_GET /api/admin/professionals#304
2025-12-05T07:30:54.238Z admin#1@admin1 HTTP_GET /api/admin/users#304
2025-12-05T07:30:54.239Z admin#1@admin1 HTTP_GET /api/admin/pending-users#304
2025-12-05T07:30:54.548Z admin#1@admin1 HTTP_GET /api/admin/users#304
2025-12-05T07:30:54.549Z admin#1@admin1 HTTP_GET /api/admin/pending-professionals#304
2025-12-05T07:30:54.549Z admin#1@admin1 HTTP_GET /api/admin/professionals#304
2025-12-05T07:30:54.552Z admin#1@admin1 HTTP_GET /api/admin/users#304
2025-12-05T07:30:54.554Z admin#1@admin1 HTTP_GET /api/admin/professionals#304
2025-12-05T07:30:54.554Z admin#1@admin1 HTTP_GET /api/admin/pending-professionals#304
2025-12-05T07:30:55.195Z admin#1@admin1 HTTP_GET /api/admin/users#304
2025-12-05T07:30:55.196Z admin#1@admin1 HTTP_GET /api/admin/pending-users#304
2025-12-05T07:30:55.196Z admin#1@admin1 HTTP_GET /api/admin/professionals#304
2025-12-05T07:30:55.201Z admin#1@admin1 HTTP_GET /api/admin/users#304
2025-12-05T07:30:55.202Z admin#1@admin1 HTTP_GET /api/admin/professionals#304
2025-12-05T07:30:55.202Z admin#1@admin1 HTTP_GET /api/admin/pending-users#304
2025-12-05T07:30:55.598Z admin#1@admin1 HTTP_GET /api/admin/users#304
2025-12-05T07:30:55.598Z admin#1@admin1 HTTP_GET /api/admin/professionals#304
2025-12-05T07:30:55.599Z admin#1@admin1 HTTP_GET /api/admin/stats#304
2025-12-05T07:30:55.603Z admin#1@admin1 HTTP_GET /api/admin/users#304
2025-12-05T07:30:55.604Z admin#1@admin1 HTTP_GET /api/admin/professionals#304
2025-12-05T07:30:55.605Z admin#1@admin1 HTTP_GET /api/admin/stats#304
2025-12-05T07:31:04.768Z admin#1@admin1 HTTP_GET /api/admin/stats#304
2025-12-05T07:31:04.769Z admin#1@admin1 HTTP_GET /api/admin/users#304
2025-12-05T07:31:04.767Z admin#1@admin1 HTTP_GET /api/admin/professionals#304
2025-12-05T07:32:02.398Z medical#5@drdemo HTTP_GET /api/medical/access/requests#304
2025-12-05T07:32:02.400Z medical#5@drdemo HTTP_GET /api/medical/access/requests#304
2025-12-05T07:32:04.017Z medical#5@drdemo HTTP_GET /api/medical/dashboard#304
2025-12-05T07:32:04.019Z medical#5@drdemo HTTP_GET /api/medical/dashboard#304
2025-12-05T10:11:33.214Z system HTTP_POST /api/auth/login#401
2025-12-05T10:11:52.693Z system HTTP_POST /api/auth/login#200
2025-12-05T10:11:52.724Z admin#1@admin1 HTTP_GET /api/admin/professionals#200
2025-12-05T10:11:52.727Z admin#1@admin1 HTTP_GET /api/admin/users#200
2025-12-05T10:11:52.729Z admin#1@admin1 HTTP_GET /api/admin/me#200
2025-12-05T10:11:52.732Z admin#1@admin1 HTTP_GET /api/admin/professionals#304
2025-12-05T10:11:52.736Z admin#1@admin1 HTTP_GET /api/admin/users#304
2025-12-05T10:11:52.742Z admin#1@admin1 HTTP_GET /api/admin/stats#200
2025-12-05T10:11:52.746Z admin#1@admin1 HTTP_GET /api/admin/stats#304
2025-12-05T10:11:54.555Z admin#1@admin1 HTTP_GET /api/admin/users#304
2025-12-05T10:11:54.556Z admin#1@admin1 HTTP_GET /api/admin/stats#304
2025-12-05T10:11:54.557Z admin#1@admin1 HTTP_GET /api/admin/professionals#304
2025-12-05T10:11:55.252Z admin#1@admin1 HTTP_GET /api/admin/users#304
2025-12-05T10:11:55.253Z admin#1@admin1 HTTP_GET /api/admin/stats#304
2025-12-05T10:11:55.252Z admin#1@admin1 HTTP_GET /api/admin/professionals#304
2025-12-05T10:11:55.412Z admin#1@admin1 HTTP_GET /api/admin/stats#304
2025-12-05T10:11:55.412Z admin#1@admin1 HTTP_GET /api/admin/professionals#304
2025-12-05T10:11:55.415Z admin#1@admin1 HTTP_GET /api/admin/users#304
2025-12-05T10:11:55.569Z admin#1@admin1 HTTP_GET /api/admin/stats#304
2025-12-05T10:11:55.572Z admin#1@admin1 HTTP_GET /api/admin/users#304
2025-12-05T10:11:55.570Z admin#1@admin1 HTTP_GET /api/admin/professionals#304
2025-12-05T10:11:56.547Z admin#1@admin1 HTTP_GET /api/admin/users#304
2025-12-05T10:11:56.548Z admin#1@admin1 HTTP_GET /api/admin/professionals#304
2025-12-05T10:11:56.549Z admin#1@admin1 HTTP_GET /api/admin/pending-users#200
2025-12-05T10:11:56.552Z admin#1@admin1 HTTP_GET /api/admin/users#304
2025-12-05T10:11:56.554Z admin#1@admin1 HTTP_GET /api/admin/professionals#304
2025-12-05T10:11:56.554Z admin#1@admin1 HTTP_GET /api/admin/pending-users#304
2025-12-05T10:11:57.290Z admin#1@admin1 HTTP_GET /api/admin/users#304
2025-12-05T10:11:57.290Z admin#1@admin1 HTTP_GET /api/admin/professionals#304
2025-12-05T10:11:57.293Z admin#1@admin1 HTTP_GET /api/admin/pending-professionals#200
2025-12-05T10:11:57.295Z admin#1@admin1 HTTP_GET /api/admin/users#304
2025-12-05T10:11:57.296Z admin#1@admin1 HTTP_GET /api/admin/professionals#304
2025-12-05T10:11:57.297Z admin#1@admin1 HTTP_GET /api/admin/pending-professionals#304
2025-12-05T10:12:14.827Z system HTTP_POST /api/auth/login#200
2025-12-05T10:12:14.856Z medical#5@drdemo HTTP_GET /api/medical/me#200
2025-12-05T10:12:14.857Z medical#5@drdemo HTTP_GET /api/medical/dashboard#304
2025-12-05T10:12:14.859Z medical#5@drdemo HTTP_GET /api/medical/dashboard#304
2025-12-05T10:12:15.912Z medical#5@drdemo HTTP_GET /api/medical/patients#200
2025-12-05T10:12:15.915Z medical#5@drdemo HTTP_GET /api/medical/patients#304
2025-12-05T10:12:18.578Z medical#5@drdemo PATIENT_PROFILE_VIEW patient/23,patientMu/MI9592400667
2025-12-05T10:12:18.578Z medical#5@drdemo HTTP_GET /api/medical/patients/23/profile#200
2025-12-05T10:12:21.929Z medical#5@drdemo HTTP_GET /api/medical/patients/23/profile#304
2025-12-05T10:12:21.929Z medical#5@drdemo PATIENT_PROFILE_VIEW patient/23,patientMu/MI9592400667
2025-12-05T10:12:21.932Z medical#5@drdemo PATIENT_PROFILE_VIEW patient/23,patientMu/MI9592400667
2025-12-05T10:12:21.932Z medical#5@drdemo HTTP_GET /api/medical/patients/23/profile#304
2025-12-05T10:12:21.934Z medical#5@drdemo HTTP_GET /api/medical/me#304
2025-12-05T10:12:21.936Z medical#5@drdemo HTTP_GET /api/medical/me#304
2025-12-05T10:12:21.941Z medical#5@drdemo PATIENT_RECORDS_VIEW patient/23,patientMu/MI9592400667,recordCount/5
2025-12-05T10:12:21.941Z medical#5@drdemo HTTP_GET /api/medical/patients/23/records#200
2025-12-05T10:12:23.404Z medical#5@drdemo RECORD_FILE_DOWNLOAD patient/23,patientMu/MI9592400667,record/886,file/1478,fileName/taylor-turner-record5-file1-prescription.png
2025-12-05T10:12:23.405Z medical#5@drdemo HTTP_GET /api/medical/records/886/files/1478/download#200
2025-12-05T10:12:39.862Z medical#5@drdemo HTTP_GET /api/medical/me#200
2025-12-05T10:12:39.865Z medical#5@drdemo HTTP_GET /api/medical/me#304
2025-12-05T10:12:54.084Z medical#5@drdemo HTTP_GET /api/medical/me#304
2025-12-05T10:12:54.087Z medical#5@drdemo HTTP_GET /api/medical/me#304
2025-12-05T10:13:02.262Z admin#1@admin1 HTTP_GET /api/admin/users#304
2025-12-05T10:13:02.265Z admin#1@admin1 HTTP_GET /api/admin/users#304
2025-12-05T10:13:02.270Z admin#1@admin1 HTTP_GET /api/admin/pending-users#304
2025-12-05T10:13:02.270Z admin#1@admin1 HTTP_GET /api/admin/professionals#200
2025-12-05T10:13:02.272Z admin#1@admin1 HTTP_GET /api/admin/pending-users#304
2025-12-05T10:13:02.273Z admin#1@admin1 HTTP_GET /api/admin/professionals#304
2025-12-05T10:13:56.456Z medical#5@drdemo PATIENT_RECORD_CREATE patient/23,patientMu/MI9592400667,record/887,attachmentCount/2
2025-12-05T10:13:56.456Z medical#5@drdemo HTTP_POST /api/medical/patients/23/records#201
2025-12-05T10:13:56.466Z medical#5@drdemo HTTP_GET /api/medical/patients/23/records#200
2025-12-05T10:13:56.465Z medical#5@drdemo PATIENT_RECORDS_VIEW patient/23,patientMu/MI9592400667,recordCount/6
2025-12-05T10:13:59.361Z medical#5@drdemo HTTP_GET /api/medical/records/887/files/1480/download#200
2025-12-05T10:13:59.360Z medical#5@drdemo RECORD_FILE_DOWNLOAD patient/23,patientMu/MI9592400667,record/887,file/1480,fileName/IMG_6612.jpeg
2025-12-05T10:14:02.744Z medical#5@drdemo RECORD_FILE_DOWNLOAD patient/23,patientMu/MI9592400667,record/887,file/1481,fileName/Cover_Letter.pdf
2025-12-05T10:14:02.744Z medical#5@drdemo HTTP_GET /api/medical/records/887/files/1481/download#200
2025-12-05T10:14:26.924Z medical#5@drdemo HTTP_GET /api/medical/me#304
2025-12-05T10:14:26.926Z medical#5@drdemo HTTP_GET /api/medical/me#304
2025-12-05T10:14:34.904Z admin#1@admin1 HTTP_GET /api/admin/me#304
2025-12-05T10:14:34.907Z admin#1@admin1 HTTP_GET /api/admin/me#304
