2025-12-04T09:31:14.184Z medical#4 HTTP_GET /api/medical/me#304
2025-12-04T09:31:14.186Z medical#4 HTTP_GET /api/medical/me#304
2025-12-04T09:31:19.208Z admin#1 HTTP_GET /api/admin/me#304
2025-12-04T09:31:19.211Z admin#1 HTTP_GET /api/admin/me#304
2025-12-04T09:31:44.150Z system HTTP_POST /api/auth/login#200
2025-12-04T09:31:44.189Z admin#1@admin1 HTTP_GET /api/admin/me#200
2025-12-04T09:31:44.192Z admin#1@admin1 HTTP_GET /api/admin/users#304
2025-12-04T09:31:44.195Z admin#1@admin1 HTTP_GET /api/admin/professionals#304
2025-12-04T09:31:44.199Z admin#1@admin1 HTTP_GET /api/admin/users#304
2025-12-04T09:31:44.200Z admin#1@admin1 HTTP_GET /api/admin/professionals#304
2025-12-04T09:31:44.237Z admin#1@admin1 HTTP_GET /api/admin/stats#304
2025-12-04T09:31:44.240Z admin#1@admin1 HTTP_GET /api/admin/stats#304
2025-12-04T09:31:45.596Z admin#1@admin1 HTTP_GET /api/admin/stats#304
2025-12-04T09:31:45.591Z admin#1@admin1 HTTP_GET /api/admin/professionals#304
2025-12-04T09:31:45.599Z admin#1@admin1 HTTP_GET /api/admin/users#304
2025-12-04T09:31:47.023Z admin#1@admin1 HTTP_GET /api/admin/logs#200
2025-12-04T09:31:47.026Z admin#1@admin1 HTTP_GET /api/admin/logs#200
2025-12-04T09:32:14.137Z system HTTP_POST /api/auth/login#200
2025-12-04T09:32:14.202Z medical#4@drdemo HTTP_GET /api/medical/me#200
2025-12-04T09:32:14.261Z medical#4@drdemo HTTP_GET /api/medical/dashboard#200
2025-12-04T09:32:14.266Z medical#4@drdemo HTTP_GET /api/medical/dashboard#304
2025-12-04T09:32:15.966Z medical#4@drdemo HTTP_GET /api/medical/patients#200
2025-12-04T09:32:15.970Z medical#4@drdemo HTTP_GET /api/medical/patients#304
2025-12-04T09:32:16.906Z medical#4@drdemo HTTP_GET /api/medical/access/requests#200
2025-12-04T09:32:16.918Z medical#4@drdemo HTTP_GET /api/medical/access/requests#304
2025-12-04T09:32:18.608Z medical#4@drdemo HTTP_GET /api/medical/me#304
2025-12-04T09:32:18.611Z medical#4@drdemo HTTP_GET /api/medical/me#304
2025-12-04T09:32:19.846Z medical#4@drdemo HTTP_GET /api/medical/access/requests#304
2025-12-04T09:32:19.850Z medical#4@drdemo HTTP_GET /api/medical/access/requests#304
2025-12-04T09:32:20.412Z medical#4@drdemo HTTP_GET /api/medical/patients#304
2025-12-04T09:32:20.417Z medical#4@drdemo HTTP_GET /api/medical/patients#304
2025-12-04T09:32:22.037Z medical#4@drdemo HTTP_GET /api/medical/patients/24/profile#200
2025-12-04T09:32:22.037Z medical#4@drdemo PATIENT_PROFILE_VIEW patient/24,patientMu/MI9527990667
2025-12-04T09:32:24.712Z medical#4@drdemo HTTP_GET /api/medical/patients/21/profile#200
2025-12-04T09:32:24.711Z medical#4@drdemo PATIENT_PROFILE_VIEW patient/21,patientMu/MI9288190555
2025-12-04T09:32:27.113Z medical#4@drdemo PATIENT_PROFILE_VIEW patient/21,patientMu/MI9288190555
2025-12-04T09:32:27.113Z medical#4@drdemo HTTP_GET /api/medical/patients/21/profile#304
2025-12-04T09:32:27.117Z medical#4@drdemo PATIENT_PROFILE_VIEW patient/21,patientMu/MI9288190555
2025-12-04T09:32:27.141Z medical#4@drdemo HTTP_GET /api/medical/patients/21/profile#304
2025-12-04T09:32:27.210Z medical#4@drdemo HTTP_GET /api/medical/me#304
2025-12-04T09:32:27.218Z medical#4@drdemo HTTP_GET /api/medical/me#304
2025-12-04T09:32:27.223Z medical#4@drdemo PATIENT_RECORDS_VIEW patient/21,patientMu/MI9288190555,recordCount/6
2025-12-04T09:32:27.224Z medical#4@drdemo HTTP_GET /api/medical/patients/21/records#200
2025-12-04T09:32:36.166Z medical#4@drdemo HTTP_GET /api/medical/records/99/files/157/download#200
2025-12-04T09:32:36.165Z medical#4@drdemo RECORD_FILE_DOWNLOAD patient/21,patientMu/MI9288190555,record/99,file/157,fileName/quinn-quincy-record6-file1-chest-xray.png
